
*** Running vivado
    with args -log top.vds -m64 -product Vivado -mode batch -messageDb vivado.pb -notrace -source top.tcl


****** Vivado v2018.2 (64-bit)
  **** SW Build 2258646 on Thu Jun 14 20:02:38 MDT 2018
  **** IP Build 2256618 on Thu Jun 14 22:10:49 MDT 2018
    ** Copyright 1986-2018 Xilinx, Inc. All Rights Reserved.

source top.tcl -notrace
Command: synth_design -top top -part xc7s25ftgb196-1
Starting synth_design
Attempting to get a license for feature 'Synthesis' and/or device 'xc7s25'
INFO: [Common 17-349] Got license for feature 'Synthesis' and/or device 'xc7s25'
INFO: Launching helper process for spawning children vivado processes
INFO: Helper process launched with PID 14492 
---------------------------------------------------------------------------------
Starting RTL Elaboration : Time (s): cpu = 00:00:02 ; elapsed = 00:00:02 . Memory (MB): peak = 1289.555 ; gain = 86.887 ; free physical = 2296 ; free virtual = 10421
---------------------------------------------------------------------------------
INFO: [Synth 8-638] synthesizing module 'top' [/home/jacoboffersen/advanced_programmable_electronics/APE_Exam/APE_Exam.srcs/sources_1/imports/sources_1/top.vhd:52]
	Parameter SPI_TYPE bound to: 2 - type: integer 
INFO: [Synth 8-3491] module 'FPGA1' declared at '/home/jacoboffersen/advanced_programmable_electronics/APE_Exam/APE_Exam.srcs/sources_1/new/FPGA1.vhd:18' bound to instance 'FPGA1_inst' of component 'FPGA1' [/home/jacoboffersen/advanced_programmable_electronics/APE_Exam/APE_Exam.srcs/sources_1/imports/sources_1/top.vhd:136]
INFO: [Synth 8-638] synthesizing module 'FPGA1' [/home/jacoboffersen/advanced_programmable_electronics/APE_Exam/APE_Exam.srcs/sources_1/new/FPGA1.vhd:42]
	Parameter SPI_TYPE bound to: 2 - type: integer 
	Parameter CLK_I_PERIOD bound to: 10.000000 - type: float 
INFO: [Synth 8-3491] module 'QLinkMaster' declared at '/home/jacoboffersen/advanced_programmable_electronics/APE_Exam/APE_Exam.srcs/sources_1/imports/sources_1/imports/QLink_2020/QLINK/qlinkmaster.vhd:57' bound to instance 'QLINK1' of component 'QLinkMaster' [/home/jacoboffersen/advanced_programmable_electronics/APE_Exam/APE_Exam.srcs/sources_1/new/FPGA1.vhd:137]
INFO: [Synth 8-638] synthesizing module 'QLinkMaster' [/home/jacoboffersen/advanced_programmable_electronics/APE_Exam/APE_Exam.srcs/sources_1/imports/sources_1/imports/QLink_2020/QLINK/qlinkmaster.vhd:74]
	Parameter CLK_I_PERIOD bound to: 10.000000 - type: float 
	Parameter BLINK_SEQUENCE bound to: 230'b10111011101110101011101110101010101110101011101110101110100010101011101011101011101110101010101011101000101011101110101011101010101011101010111010101110001110111011101110111010111010111011101010111010111010111010111011101110101000 
INFO: [Synth 8-3491] module 'decode_serial' declared at '/home/jacoboffersen/advanced_programmable_electronics/APE_Exam/APE_Exam.srcs/sources_1/imports/sources_1/imports/QLink_2020/QLINK/decode_serial.vhd:18' bound to instance 'DECODE' of component 'decode_serial' [/home/jacoboffersen/advanced_programmable_electronics/APE_Exam/APE_Exam.srcs/sources_1/imports/sources_1/imports/QLink_2020/QLINK/qlinkmaster.vhd:201]
INFO: [Synth 8-638] synthesizing module 'decode_serial' [/home/jacoboffersen/advanced_programmable_electronics/APE_Exam/APE_Exam.srcs/sources_1/imports/sources_1/imports/QLink_2020/QLINK/decode_serial.vhd:26]
WARNING: [Synth 8-614] signal 'bitcnt' is read in the process but is not in the sensitivity list [/home/jacoboffersen/advanced_programmable_electronics/APE_Exam/APE_Exam.srcs/sources_1/imports/sources_1/imports/QLink_2020/QLINK/decode_serial.vhd:66]
WARNING: [Synth 8-614] signal 'subcnt' is read in the process but is not in the sensitivity list [/home/jacoboffersen/advanced_programmable_electronics/APE_Exam/APE_Exam.srcs/sources_1/imports/sources_1/imports/QLink_2020/QLINK/decode_serial.vhd:66]
WARNING: [Synth 8-614] signal 'data' is read in the process but is not in the sensitivity list [/home/jacoboffersen/advanced_programmable_electronics/APE_Exam/APE_Exam.srcs/sources_1/imports/sources_1/imports/QLink_2020/QLINK/decode_serial.vhd:66]
WARNING: [Synth 8-6014] Unused sequential element nxt_strobe_reg was removed.  [/home/jacoboffersen/advanced_programmable_electronics/APE_Exam/APE_Exam.srcs/sources_1/imports/sources_1/imports/QLink_2020/QLINK/decode_serial.vhd:52]
WARNING: [Synth 8-6014] Unused sequential element nxt_strobe2_reg was removed.  [/home/jacoboffersen/advanced_programmable_electronics/APE_Exam/APE_Exam.srcs/sources_1/imports/sources_1/imports/QLink_2020/QLINK/decode_serial.vhd:53]
WARNING: [Synth 8-6014] Unused sequential element nxt_subcnt_reg was removed.  [/home/jacoboffersen/advanced_programmable_electronics/APE_Exam/APE_Exam.srcs/sources_1/imports/sources_1/imports/QLink_2020/QLINK/decode_serial.vhd:75]
INFO: [Synth 8-4471] merging register 'data_reg[7:0]' into 'nxt_data_reg[7:0]' [/home/jacoboffersen/advanced_programmable_electronics/APE_Exam/APE_Exam.srcs/sources_1/imports/sources_1/imports/QLink_2020/QLINK/decode_serial.vhd:44]
INFO: [Synth 8-4471] merging register 'bitcnt_reg[3:0]' into 'nxt_bitcnt_reg[3:0]' [/home/jacoboffersen/advanced_programmable_electronics/APE_Exam/APE_Exam.srcs/sources_1/imports/sources_1/imports/QLink_2020/QLINK/decode_serial.vhd:54]
WARNING: [Synth 8-6014] Unused sequential element data_reg was removed.  [/home/jacoboffersen/advanced_programmable_electronics/APE_Exam/APE_Exam.srcs/sources_1/imports/sources_1/imports/QLink_2020/QLINK/decode_serial.vhd:44]
WARNING: [Synth 8-6014] Unused sequential element bitcnt_reg was removed.  [/home/jacoboffersen/advanced_programmable_electronics/APE_Exam/APE_Exam.srcs/sources_1/imports/sources_1/imports/QLink_2020/QLINK/decode_serial.vhd:54]
INFO: [Synth 8-256] done synthesizing module 'decode_serial' (1#1) [/home/jacoboffersen/advanced_programmable_electronics/APE_Exam/APE_Exam.srcs/sources_1/imports/sources_1/imports/QLink_2020/QLINK/decode_serial.vhd:26]
INFO: [Synth 8-3491] module 'encode_serial' declared at '/home/jacoboffersen/advanced_programmable_electronics/APE_Exam/APE_Exam.srcs/sources_1/imports/sources_1/imports/QLink_2020/QLINK/encode_serial.vhd:19' bound to instance 'ENCODE' of component 'encode_serial' [/home/jacoboffersen/advanced_programmable_electronics/APE_Exam/APE_Exam.srcs/sources_1/imports/sources_1/imports/QLink_2020/QLINK/qlinkmaster.vhd:209]
INFO: [Synth 8-638] synthesizing module 'encode_serial' [/home/jacoboffersen/advanced_programmable_electronics/APE_Exam/APE_Exam.srcs/sources_1/imports/sources_1/imports/QLink_2020/QLINK/encode_serial.vhd:29]
WARNING: [Synth 8-6014] Unused sequential element nxt_subcnt_reg was removed.  [/home/jacoboffersen/advanced_programmable_electronics/APE_Exam/APE_Exam.srcs/sources_1/imports/sources_1/imports/QLink_2020/QLINK/encode_serial.vhd:84]
WARNING: [Synth 8-6014] Unused sequential element nxt_tx_reg was removed.  [/home/jacoboffersen/advanced_programmable_electronics/APE_Exam/APE_Exam.srcs/sources_1/imports/sources_1/imports/QLink_2020/QLINK/encode_serial.vhd:85]
WARNING: [Synth 8-6014] Unused sequential element nxt_tx_done_reg was removed.  [/home/jacoboffersen/advanced_programmable_electronics/APE_Exam/APE_Exam.srcs/sources_1/imports/sources_1/imports/QLink_2020/QLINK/encode_serial.vhd:86]
INFO: [Synth 8-4471] merging register 'bitcnt_reg[3:0]' into 'nxt_bitcnt_reg[3:0]' [/home/jacoboffersen/advanced_programmable_electronics/APE_Exam/APE_Exam.srcs/sources_1/imports/sources_1/imports/QLink_2020/QLINK/encode_serial.vhd:93]
WARNING: [Synth 8-6014] Unused sequential element bitcnt_reg was removed.  [/home/jacoboffersen/advanced_programmable_electronics/APE_Exam/APE_Exam.srcs/sources_1/imports/sources_1/imports/QLink_2020/QLINK/encode_serial.vhd:93]
INFO: [Synth 8-256] done synthesizing module 'encode_serial' (2#1) [/home/jacoboffersen/advanced_programmable_electronics/APE_Exam/APE_Exam.srcs/sources_1/imports/sources_1/imports/QLink_2020/QLINK/encode_serial.vhd:29]
