Vivado Simulator 2018.2
Copyright 1986-1999, 2001-2018 Xilinx, Inc. All Rights Reserved.
Running: /home/jacoboffersen/Program/vivado20182/Vivado/2018.2/bin/unwrapped/lnx64.o/xelab -wto a611f3e7bdf2481ea11cbd6577891ed3 --incr --debug typical --relax --mt 8 -L xil_defaultlib -L secureip --snapshot top_tb_behav xil_defaultlib.top_tb -log elaborate.log 
Using 8 slave threads.
Starting static elaboration
Completed static elaboration
Starting simulation data flow analysis
Completed simulation data flow analysis
Time Resolution for simulation is 1ps
Compiling package std.standard
Compiling package std.textio
Compiling package ieee.std_logic_1164
Compiling package xil_defaultlib.ascii_lib
Compiling package xil_defaultlib.spi_lib
Compiling package ieee.numeric_std
Compiling package unisim.vcomponents
Compiling package ieee.std_logic_arith
Compiling package ieee.std_logic_unsigned
Compiling package ieee.std_logic_signed
Compiling package ieee.std_logic_textio
Compiling package ieee.vital_timing
Compiling package ieee.vital_primitives
Compiling package unisim.vpkg
Compiling package vl.vl_types
Compiling architecture rtl of entity xil_defaultlib.decode_serial [decode_serial_default]
Compiling architecture rtl of entity xil_defaultlib.encode_serial [encode_serial_default]
Compiling architecture rtl of entity xil_defaultlib.QLinkMaster [\QLinkMaster(clk_i_period=10.0)(...]
Compiling architecture bufg_v of entity unisim.BUFG [bufg_default]
Compiling architecture rb36_internal_vhdl_v of entity unisim.RB36_INTERNAL_VHDL [\RB36_INTERNAL_VHDL(init_a="0000...]
Compiling architecture ramb36e1_v of entity unisim.RAMB36E1 [\RAMB36E1(read_width_a=36,read_w...]
Compiling architecture behavioral of entity xil_defaultlib.TD_RAM_36K_WRAP [td_ram_36k_wrap_default]
Compiling architecture bufr_v of entity unisim.BUFR [\BUFR(bufr_divide="4")(1,1)(1,7)...]
Compiling architecture bufr_v of entity unisim.BUFR [\BUFR(bufr_divide="1")(1,1)(1,7)...]
Compiling secureip modules ...
Compiling architecture oserdese2_v of entity unisim.OSERDESE2 [\OSERDESE2(data_width=8,tristate...]
Compiling architecture behavioral of entity xil_defaultlib.spi_tx_serdes_based [spi_tx_serdes_based_default]
Compiling architecture behavioral of entity xil_defaultlib.SPI_TX [\SPI_TX(spi_type=serdes)\]
Compiling architecture mmcme2_adv_v of entity unisim.MMCME2_ADV [\MMCME2_ADV(clkfbout_mult_f=10.2...]
Compiling architecture mmcme2_base_v of entity unisim.MMCME2_BASE [\MMCME2_BASE(clkfbout_mult_f=10....]
Compiling architecture rtl of entity xil_defaultlib.clocking_1 [clocking_1_default]
Compiling architecture rtl of entity xil_defaultlib.FPGA1 [\FPGA1(spi_type=serdes)\]
Compiling architecture mmcme2_adv_v of entity unisim.MMCME2_ADV [\MMCME2_ADV(clkfbout_mult_f=37.1...]
Compiling architecture mmcme2_base_v of entity unisim.MMCME2_BASE [\MMCME2_BASE(clkfbout_mult_f=37....]
Compiling architecture bufr_v of entity unisim.BUFR [\BUFR(bufr_divide="5")(1,1)(1,7)...]
Compiling architecture behavioral of entity xil_defaultlib.clocking_2 [clocking_2_default]
Compiling architecture behavioral of entity xil_defaultlib.vga_gen [vga_gen_default]
Compiling architecture behavioral of entity xil_defaultlib.TDMS_encoder [tdms_encoder_default]
Compiling architecture oserdese2_v of entity unisim.OSERDESE2 [\OSERDESE2(data_width=10,tristat...]
Compiling architecture oserdese2_v of entity unisim.OSERDESE2 [\OSERDESE2(data_width=10,serdes_...]
Compiling architecture behavioral of entity xil_defaultlib.OSERDES_10BIT_WRAP [oserdes_10bit_wrap_default]
Compiling architecture behavioral of entity xil_defaultlib.dvid [dvid_default]
Compiling architecture obufds_v of entity unisim.OBUFDS [\OBUFDS(1,9)(1,7)(1,4)\]
Compiling architecture behavioral of entity xil_defaultlib.lfsr_counter [lfsr_counter_default]
Compiling architecture behavioral of entity xil_defaultlib.image_driver [image_driver_default]
Compiling architecture behavioral of entity xil_defaultlib.hdmi_driver [hdmi_driver_default]
Compiling architecture bufio_v of entity unisim.BUFIO [bufio_default]
Compiling architecture iserdese2_v of entity unisim.ISERDESE2 [\ISERDESE2(data_width=8,interfac...]
Compiling architecture behavioral of entity xil_defaultlib.spi_rx_serdes_based [spi_rx_serdes_based_default]
Compiling architecture behavioral of entity xil_defaultlib.SPI_RX [\SPI_RX(spi_type=serdes)\]
Compiling architecture behavioral of entity xil_defaultlib.FPGA2 [\FPGA2(spi_type=serdes)\]
Compiling architecture behavioral of entity xil_defaultlib.top [top_default]
Compiling architecture behavioral of entity xil_defaultlib.top_tb
Built simulation snapshot top_tb_behav
