Vivado Simulator 2018.2
Copyright 1986-1999, 2001-2018 Xilinx, Inc. All Rights Reserved.
Running: /home/jacoboffersen/Program/vivado20182/Vivado/2018.2/bin/unwrapped/lnx64.o/xelab -wto a611f3e7bdf2481ea11cbd6577891ed3 --incr --debug typical --relax --mt 8 -L xil_defaultlib -L secureip --snapshot top_tb_func_synth xil_defaultlib.top_tb -log elaborate.log 
Using 8 slave threads.
Starting static elaboration
Completed static elaboration
Starting simulation data flow analysis
Completed simulation data flow analysis
Time Resolution for simulation is 1ps
Compiling package std.standard
Compiling package std.textio
Compiling package ieee.std_logic_1164
Compiling package xil_defaultlib.ascii_lib
Compiling package ieee.numeric_std
Compiling package unisim.vcomponents
Compiling package ieee.vital_timing
Compiling package ieee.vital_primitives
Compiling package unisim.vpkg
Compiling package ieee.std_logic_arith
Compiling package ieee.std_logic_signed
Compiling package ieee.std_logic_textio
Compiling package vl.vl_types
Compiling architecture ibuf_v of entity unisim.IBUF [\IBUF(1,9)(1,1)(1,4)(1,7)\]
Compiling architecture lut6_v of entity unisim.LUT6 [\LUT6(init="11111111111111111111...]
Compiling architecture lut5_v of entity unisim.LUT5 [\LUT5(init="11100000111111111110...]
Compiling architecture lut6_v of entity unisim.LUT6 [\LUT6(init="10001010101010101010...]
Compiling architecture lut2_v of entity unisim.LUT2 [\LUT2(init="0010")(0,3)\]
Compiling architecture lut6_v of entity unisim.LUT6 [\LUT6(init="00000000000000000000...]
Compiling architecture lut4_v of entity unisim.LUT4 [\LUT4(init="1111110111111111")(0...]
Compiling architecture lut6_v of entity unisim.LUT6 [\LUT6(init="11111111111111111111...]
Compiling architecture lut4_v of entity unisim.LUT4 [\LUT4(init="1101111111111111")(0...]
Compiling architecture lut5_v of entity unisim.LUT5 [\LUT5(init="00100000000000001111...]
Compiling architecture lut6_v of entity unisim.LUT6 [\LUT6(init="11111111111111111111...]
Compiling architecture lut5_v of entity unisim.LUT5 [\LUT5(init="00000000000000010000...]
Compiling architecture lut5_v of entity unisim.LUT5 [\LUT5(init="11111110111111011111...]
Compiling architecture lut5_v of entity unisim.LUT5 [\LUT5(init="11111111111111111111...]
Compiling architecture lut2_v of entity unisim.LUT2 [\LUT2(init="1110")(0,3)\]
Compiling architecture lut6_v of entity unisim.LUT6 [\LUT6(init="11110000111111111110...]
Compiling architecture lut2_v of entity unisim.LUT2 [\LUT2(init="1000")(0,3)\]
Compiling architecture lut6_v of entity unisim.LUT6 [\LUT6(init="00000000000000000000...]
Compiling architecture lut3_v of entity unisim.LUT3 [\LUT3(init="11101111")(0,7)\]
Compiling architecture lut2_v of entity unisim.LUT2 [\LUT2(init="1011")(0,3)\]
Compiling architecture lut6_v of entity unisim.LUT6 [\LUT6(init="01000000000000000000...]
Compiling architecture lut3_v of entity unisim.LUT3 [\LUT3(init="00001110")(0,7)\]
Compiling architecture lut3_v of entity unisim.LUT3 [\LUT3(init="10101000")(0,7)\]
Compiling architecture lut6_v of entity unisim.LUT6 [\LUT6(init="00000000000000000000...]
Compiling architecture lut6_v of entity unisim.LUT6 [\LUT6(init="00000000000000011111...]
Compiling architecture lut5_v of entity unisim.LUT5 [\LUT5(init="01010101010101000101...]
Compiling architecture lut6_v of entity unisim.LUT6 [\LUT6(init="00000000000000000000...]
Compiling architecture lut6_v of entity unisim.LUT6 [\LUT6(init="11111110111111000000...]
Compiling architecture lut6_v of entity unisim.LUT6 [\LUT6(init="01010101010101010101...]
Compiling architecture lut3_v of entity unisim.LUT3 [\LUT3(init="11110100")(0,7)\]
Compiling architecture lut3_v of entity unisim.LUT3 [\LUT3(init="10111010")(0,7)\]
Compiling architecture lut3_v of entity unisim.LUT3 [\LUT3(init="11111000")(0,7)\]
Compiling architecture lut1_v of entity unisim.LUT1 [\LUT1(init="0001")(0,3)\]
Compiling architecture lut4_v of entity unisim.LUT4 [\LUT4(init="0000111110110000")(0...]
Compiling architecture lut3_v of entity unisim.LUT3 [\LUT3(init="01101010")(0,7)\]
Compiling architecture lut6_v of entity unisim.LUT6 [\LUT6(init="01111111000000001111...]
Compiling architecture lut4_v of entity unisim.LUT4 [\LUT4(init="1000000000000000")(0...]
Compiling architecture lut4_v of entity unisim.LUT4 [\LUT4(init="0110110010001100")(0...]
Compiling architecture fdre_v of entity unisim.FDRE [fdre_default]
Compiling architecture lut6_v of entity unisim.LUT6 [\LUT6(init="00000000000000000000...]
Compiling architecture lut6_v of entity unisim.LUT6 [\LUT6(init="00000000000000000000...]
Compiling architecture lut6_v of entity unisim.LUT6 [\LUT6(init="00000000000000000000...]
Compiling architecture lut5_v of entity unisim.LUT5 [\LUT5(init="00000000000010000000...]
Compiling architecture lut6_v of entity unisim.LUT6 [\LUT6(init="00000000000000000000...]
Compiling architecture lut6_v of entity unisim.LUT6 [\LUT6(init="00000000000000000000...]
Compiling architecture lut5_v of entity unisim.LUT5 [\LUT5(init="10000000000000000000...]
Compiling architecture lut5_v of entity unisim.LUT5 [\LUT5(init="00000000000000100000...]
Compiling architecture lut4_v of entity unisim.LUT4 [\LUT4(init="0000000000000010")(0...]
Compiling architecture lut4_v of entity unisim.LUT4 [\LUT4(init="0000000001000000")(0...]
Compiling architecture lut5_v of entity unisim.LUT5 [\LUT5(init="00000000000000000000...]
Compiling architecture lut2_v of entity unisim.LUT2 [\LUT2(init="0001")(0,3)\]
Compiling architecture lut3_v of entity unisim.LUT3 [\LUT3(init="00000110")(0,7)\]
Compiling architecture lut4_v of entity unisim.LUT4 [\LUT4(init="0000000001111000")(0...]
Compiling architecture lut6_v of entity unisim.LUT6 [\LUT6(init="00000100000000000000...]
Compiling architecture lut5_v of entity unisim.LUT5 [\LUT5(init="00000000000000000111...]
Compiling architecture lut4_v of entity unisim.LUT4 [\LUT4(init="0000000000000001")(0...]
Compiling architecture lut5_v of entity unisim.LUT5 [\LUT5(init="11111111111101110000...]
Compiling architecture lut5_v of entity unisim.LUT5 [\LUT5(init="00000000000000001000...]
Compiling architecture structure of entity xil_defaultlib.decode_serial [decode_serial_default]
Compiling architecture lut3_v of entity unisim.LUT3 [\LUT3(init="10000000")(0,7)\]
Compiling architecture lut2_v of entity unisim.LUT2 [\LUT2(init="0110")(0,3)\]
Compiling architecture lut3_v of entity unisim.LUT3 [\LUT3(init="01111111")(0,7)\]
Compiling architecture lut4_v of entity unisim.LUT4 [\LUT4(init="0110101010101010")(0...]
Compiling architecture lut4_v of entity unisim.LUT4 [\LUT4(init="1010101010101000")(0...]
Compiling architecture lut3_v of entity unisim.LUT3 [\LUT3(init="00000010")(0,7)\]
Compiling architecture lut6_v of entity unisim.LUT6 [\LUT6(init="00000000000010000000...]
Compiling architecture lut6_v of entity unisim.LUT6 [\LUT6(init="11110010000000001111...]
Compiling architecture lut4_v of entity unisim.LUT4 [\LUT4(init="1111111101111111")(0...]
Compiling architecture lut4_v of entity unisim.LUT4 [\LUT4(init="0111111111111111")(0...]
Compiling architecture lut6_v of entity unisim.LUT6 [\LUT6(init="11101010000000000000...]
Compiling architecture lut6_v of entity unisim.LUT6 [\LUT6(init="11111111111111111111...]
Compiling architecture lut6_v of entity unisim.LUT6 [\LUT6(init="11111010110011110000...]
Compiling architecture lut6_v of entity unisim.LUT6 [\LUT6(init="10101010111100001100...]
Compiling architecture structure of entity xil_defaultlib.encode_serial [encode_serial_default]
Compiling architecture lut6_v of entity unisim.LUT6 [\LUT6(init="00000000000000000000...]
Compiling architecture lut6_v of entity unisim.LUT6 [\LUT6(init="11111111111111111111...]
Compiling architecture lut6_v of entity unisim.LUT6 [\LUT6(init="00000000000000000000...]
Compiling architecture fdse_v of entity unisim.FDSE [fdse_default]
Compiling architecture lut5_v of entity unisim.LUT5 [\LUT5(init="11101010111011101110...]
Compiling architecture lut5_v of entity unisim.LUT5 [\LUT5(init="11111111111111111000...]
Compiling architecture lut6_v of entity unisim.LUT6 [\LUT6(init="11111111111111111111...]
Compiling architecture carry4_v of entity unisim.CARRY4 [carry4_default]
Compiling architecture lut6_v of entity unisim.LUT6 [\LUT6(init="00000001000000000000...]
Compiling architecture lut5_v of entity unisim.LUT5 [\LUT5(init="00000000010101110101...]
Compiling architecture lut5_v of entity unisim.LUT5 [\LUT5(init="00010101010000000001...]
Compiling architecture lut6_v of entity unisim.LUT6 [\LUT6(init="00000011001100000011...]
Compiling architecture lut6_v of entity unisim.LUT6 [\LUT6(init="00010001000100010001...]
Compiling architecture lut6_v of entity unisim.LUT6 [\LUT6(init="00000000000000000000...]
Compiling architecture lut5_v of entity unisim.LUT5 [\LUT5(init="10011111100100001001...]
Compiling architecture lut6_v of entity unisim.LUT6 [\LUT6(init="00011111111000001111...]
Compiling architecture lut5_v of entity unisim.LUT5 [\LUT5(init="10101000000000000000...]
Compiling architecture lut5_v of entity unisim.LUT5 [\LUT5(init="11111110101010101010...]
Compiling architecture lut6_v of entity unisim.LUT6 [\LUT6(init="01010101010000010000...]
Compiling architecture lut6_v of entity unisim.LUT6 [\LUT6(init="01101111011011110110...]
Compiling architecture lut3_v of entity unisim.LUT3 [\LUT3(init="01000000")(0,7)\]
Compiling architecture lut2_v of entity unisim.LUT2 [\LUT2(init="0111")(0,3)\]
Compiling architecture lut4_v of entity unisim.LUT4 [\LUT4(init="0001111111100000")(0...]
Compiling architecture lut6_v of entity unisim.LUT6 [\LUT6(init="10101011101010111010...]
Compiling architecture lut6_v of entity unisim.LUT6 [\LUT6(init="00101111111011110010...]
Compiling architecture lut6_v of entity unisim.LUT6 [\LUT6(init="11111111000100000001...]
Compiling architecture lut5_v of entity unisim.LUT5 [\LUT5(init="11111001000010010000...]
Compiling architecture lut6_v of entity unisim.LUT6 [\LUT6(init="10000000000010001000...]
Compiling architecture lut6_v of entity unisim.LUT6 [\LUT6(init="11101110111010111011...]
Compiling architecture lut6_v of entity unisim.LUT6 [\LUT6(init="11101111101010101110...]
Compiling architecture lut6_v of entity unisim.LUT6 [\LUT6(init="11111111111111111111...]
Compiling architecture lut6_v of entity unisim.LUT6 [\LUT6(init="11111111111111111111...]
Compiling architecture lut5_v of entity unisim.LUT5 [\LUT5(init="00001100111101111111...]
Compiling architecture lut6_v of entity unisim.LUT6 [\LUT6(init="11111111111111111111...]
Compiling architecture lut6_v of entity unisim.LUT6 [\LUT6(init="00001010111101111111...]
Compiling architecture lut6_v of entity unisim.LUT6 [\LUT6(init="11111110111011101111...]
Compiling architecture lut6_v of entity unisim.LUT6 [\LUT6(init="00000000000000000100...]
Compiling architecture lut6_v of entity unisim.LUT6 [\LUT6(init="00010000000000000000...]
Compiling architecture lut5_v of entity unisim.LUT5 [\LUT5(init="10000000000000001000...]
Compiling architecture lut6_v of entity unisim.LUT6 [\LUT6(init="00000011000000110000...]
Compiling architecture lut5_v of entity unisim.LUT5 [\LUT5(init="01000000010001000000...]
Compiling architecture lut6_v of entity unisim.LUT6 [\LUT6(init="00000000000000000000...]
Compiling architecture lut6_v of entity unisim.LUT6 [\LUT6(init="00000000000000000000...]
Compiling architecture lut6_v of entity unisim.LUT6 [\LUT6(init="00000010000000000000...]
Compiling architecture lut6_v of entity unisim.LUT6 [\LUT6(init="00001100000000000000...]
Compiling architecture lut5_v of entity unisim.LUT5 [\LUT5(init="00010000000100010000...]
Compiling architecture lut3_v of entity unisim.LUT3 [\LUT3(init="00000100")(0,7)\]
Compiling architecture lut6_v of entity unisim.LUT6 [\LUT6(init="11111111111111111111...]
Compiling architecture lut6_v of entity unisim.LUT6 [\LUT6(init="00001000000010001000...]
Compiling architecture lut6_v of entity unisim.LUT6 [\LUT6(init="00000000000011000000...]
Compiling architecture lut6_v of entity unisim.LUT6 [\LUT6(init="11111101110111111111...]
Compiling architecture lut6_v of entity unisim.LUT6 [\LUT6(init="10101010100010101010...]
Compiling architecture lut6_v of entity unisim.LUT6 [\LUT6(init="00000000000000000000...]
Compiling architecture lut6_v of entity unisim.LUT6 [\LUT6(init="11111111111111111111...]
Compiling architecture lut6_v of entity unisim.LUT6 [\LUT6(init="11111111111111111111...]
Compiling architecture lut6_v of entity unisim.LUT6 [\LUT6(init="11011101110111011111...]
Compiling architecture lut6_v of entity unisim.LUT6 [\LUT6(init="00000000000000000000...]
Compiling architecture lut6_v of entity unisim.LUT6 [\LUT6(init="00000000000000000000...]
Compiling architecture lut6_v of entity unisim.LUT6 [\LUT6(init="00000000000000001111...]
Compiling architecture lut6_v of entity unisim.LUT6 [\LUT6(init="00000000000000001111...]
Compiling architecture lut6_v of entity unisim.LUT6 [\LUT6(init="00000000000000001000...]
Compiling architecture lut6_v of entity unisim.LUT6 [\LUT6(init="00001111111111110111...]
Compiling architecture lut4_v of entity unisim.LUT4 [\LUT4(init="1010101010001010")(0...]
Compiling architecture lut3_v of entity unisim.LUT3 [\LUT3(init="11111011")(0,7)\]
Compiling architecture lut6_v of entity unisim.LUT6 [\LUT6(init="11111101000000000000...]
Compiling architecture lut6_v of entity unisim.LUT6 [\LUT6(init="00000000000000000000...]
Compiling architecture lut6_v of entity unisim.LUT6 [\LUT6(init="11111111111111110000...]
Compiling architecture lut6_v of entity unisim.LUT6 [\LUT6(init="11111111111111111111...]
Compiling architecture lut6_v of entity unisim.LUT6 [\LUT6(init="00000001000100010000...]
Compiling architecture lut6_v of entity unisim.LUT6 [\LUT6(init="00000000000011110100...]
Compiling architecture lut6_v of entity unisim.LUT6 [\LUT6(init="11111111111111111111...]
Compiling architecture lut6_v of entity unisim.LUT6 [\LUT6(init="11111111111111111111...]
Compiling architecture lut6_v of entity unisim.LUT6 [\LUT6(init="00000000000000000000...]
Compiling architecture lut6_v of entity unisim.LUT6 [\LUT6(init="00000000000000000000...]
Compiling architecture lut6_v of entity unisim.LUT6 [\LUT6(init="00000000111111110000...]
Compiling architecture lut6_v of entity unisim.LUT6 [\LUT6(init="11111000111100001111...]
Compiling architecture lut6_v of entity unisim.LUT6 [\LUT6(init="11111111111111111111...]
Compiling architecture lut6_v of entity unisim.LUT6 [\LUT6(init="00001000000010000000...]
Compiling architecture lut6_v of entity unisim.LUT6 [\LUT6(init="11111111111111111111...]
Compiling architecture lut6_v of entity unisim.LUT6 [\LUT6(init="11011101110111011101...]
Compiling architecture lut6_v of entity unisim.LUT6 [\LUT6(init="11111111111111111111...]
Compiling architecture lut6_v of entity unisim.LUT6 [\LUT6(init="10101010101010101010...]
Compiling architecture lut5_v of entity unisim.LUT5 [\LUT5(init="00000000000000000000...]
Compiling architecture lut5_v of entity unisim.LUT5 [\LUT5(init="00000000000100000000...]
Compiling architecture lut6_v of entity unisim.LUT6 [\LUT6(init="00001101000011010000...]
Compiling architecture lut6_v of entity unisim.LUT6 [\LUT6(init="10101010101010111010...]
Compiling architecture lut6_v of entity unisim.LUT6 [\LUT6(init="11111111111111111111...]
Compiling architecture lut4_v of entity unisim.LUT4 [\LUT4(init="1111111111110111")(0...]
Compiling architecture lut6_v of entity unisim.LUT6 [\LUT6(init="11111110101010101111...]
Compiling architecture lut4_v of entity unisim.LUT4 [\LUT4(init="0000000101010001")(0...]
Compiling architecture lut6_v of entity unisim.LUT6 [\LUT6(init="00000000000000000101...]
Compiling architecture lut6_v of entity unisim.LUT6 [\LUT6(init="11111011101010101111...]
Compiling architecture lut6_v of entity unisim.LUT6 [\LUT6(init="00000000000000000000...]
Compiling architecture lut6_v of entity unisim.LUT6 [\LUT6(init="10101111101000001100...]
Compiling architecture lut3_v of entity unisim.LUT3 [\LUT3(init="00011111")(0,7)\]
Compiling architecture lut6_v of entity unisim.LUT6 [\LUT6(init="01010111111111110000...]
Compiling architecture lut6_v of entity unisim.LUT6 [\LUT6(init="11111010111111000000...]
Compiling architecture lut6_v of entity unisim.LUT6 [\LUT6(init="11111111111111111111...]
Compiling architecture lut3_v of entity unisim.LUT3 [\LUT3(init="11100000")(0,7)\]
Compiling architecture lut4_v of entity unisim.LUT4 [\LUT4(init="1111111010101110")(0...]
Compiling architecture lut6_v of entity unisim.LUT6 [\LUT6(init="10110000101100000000...]
Compiling architecture lut3_v of entity unisim.LUT3 [\LUT3(init="10001111")(0,7)\]
Compiling architecture lut6_v of entity unisim.LUT6 [\LUT6(init="00110011010101010011...]
Compiling architecture lut6_v of entity unisim.LUT6 [\LUT6(init="00001000000010000000...]
Compiling architecture lut6_v of entity unisim.LUT6 [\LUT6(init="00000000000000001110...]
Compiling architecture muxf7_v of entity unisim.MUXF7 [muxf7_default]
Compiling architecture structure of entity xil_defaultlib.QLinkMaster [qlinkmaster_default]
Compiling architecture rb36_internal_vhdl_v of entity unisim.RB36_INTERNAL_VHDL [\RB36_INTERNAL_VHDL(init_a="0000...]
Compiling architecture ramb36e1_v of entity unisim.RAMB36E1 [\RAMB36E1(read_width_a=36,read_w...]
Compiling architecture structure of entity xil_defaultlib.TD_RAM_36K_WRAP_6 [td_ram_36k_wrap_6_default]
Compiling architecture ldce_v of entity unisim.LDCE [ldce_default]
Compiling architecture lut4_v of entity unisim.LUT4 [\LUT4(init="1111111111111110")(0...]
Compiling architecture structure of entity xil_defaultlib.spi_tx_pure_vhdl_dd [spi_tx_pure_vhdl_dd_default]
Compiling architecture structure of entity xil_defaultlib.SPI_TX [spi_tx_default]
Compiling architecture mmcme2_adv_v of entity unisim.MMCME2_ADV [\MMCME2_ADV(clkfbout_mult_f=10.2...]
Compiling architecture lut5_v of entity unisim.LUT5 [\LUT5(init="00010000111111111111...]
Compiling architecture lut5_v of entity unisim.LUT5 [\LUT5(init="00000001111111111111...]
Compiling architecture lut6_v of entity unisim.LUT6 [\LUT6(init="00000000000000000000...]
Compiling architecture lut6_v of entity unisim.LUT6 [\LUT6(init="11101110111011101110...]
Compiling architecture lut6_v of entity unisim.LUT6 [\LUT6(init="10111111101111111011...]
Compiling architecture lut6_v of entity unisim.LUT6 [\LUT6(init="10101010101010101010...]
Compiling architecture lut6_v of entity unisim.LUT6 [\LUT6(init="00000000000000000000...]
Compiling architecture lut6_v of entity unisim.LUT6 [\LUT6(init="01000100000001000100...]
Compiling architecture lut6_v of entity unisim.LUT6 [\LUT6(init="11111111000100111111...]
Compiling architecture lut2_v of entity unisim.LUT2 [\LUT2(init="1001")(0,3)\]
Compiling architecture lut3_v of entity unisim.LUT3 [\LUT3(init="10111111")(0,7)\]
Compiling architecture lut6_v of entity unisim.LUT6 [\LUT6(init="10101010101001001111...]
Compiling architecture lut5_v of entity unisim.LUT5 [\LUT5(init="00000000000000000001...]
Compiling architecture lut6_v of entity unisim.LUT6 [\LUT6(init="11111111111111111111...]
Compiling architecture lut6_v of entity unisim.LUT6 [\LUT6(init="01010101010101111111...]
Compiling architecture structure of entity xil_defaultlib.clocking_1 [clocking_1_default]
Compiling architecture structure of entity xil_defaultlib.FPGA1 [fpga1_default]
Compiling architecture lut4_v of entity unisim.LUT4 [\LUT4(init="1001000000001001")(0...]
Compiling architecture lut4_v of entity unisim.LUT4 [\LUT4(init="0100010011010100")(0...]
Compiling architecture lut4_v of entity unisim.LUT4 [\LUT4(init="0100110101000100")(0...]
Compiling architecture lut6_v of entity unisim.LUT6 [\LUT6(init="11101010101010101010...]
Compiling architecture structure of entity xil_defaultlib.TD_RAM_36K_WRAP_0 [td_ram_36k_wrap_0_default]
Compiling architecture structure of entity xil_defaultlib.spi_rx_pure_vhdl_dd [spi_rx_pure_vhdl_dd_default]
Compiling architecture structure of entity xil_defaultlib.SPI_RX [spi_rx_default]
Compiling architecture bufg_v of entity unisim.BUFG [bufg_default]
Compiling architecture mmcme2_adv_v of entity unisim.MMCME2_ADV [\MMCME2_ADV(clkfbout_mult_f=9.0,...]
Compiling architecture structure of entity xil_defaultlib.clocking [clocking_default]
Compiling architecture mmcme2_adv_v of entity unisim.MMCME2_ADV [\MMCME2_ADV(clkfbout_mult_f=10.0...]
Compiling architecture lut5_v of entity unisim.LUT5 [\LUT5(init="00100010001000100000...]
Compiling architecture lut5_v of entity unisim.LUT5 [\LUT5(init="10000000111111111111...]
Compiling architecture lut6_v of entity unisim.LUT6 [\LUT6(init="00000000000000001010...]
Compiling architecture lut6_v of entity unisim.LUT6 [\LUT6(init="10001000100010001100...]
Compiling architecture lut6_v of entity unisim.LUT6 [\LUT6(init="00000000000000000000...]
Compiling architecture lut6_v of entity unisim.LUT6 [\LUT6(init="00000000001010100000...]
Compiling architecture lut5_v of entity unisim.LUT5 [\LUT5(init="00100000111111111111...]
Compiling architecture lut6_v of entity unisim.LUT6 [\LUT6(init="00000000000000000101...]
Compiling architecture lut6_v of entity unisim.LUT6 [\LUT6(init="01000100010001000000...]
Compiling architecture lut6_v of entity unisim.LUT6 [\LUT6(init="00000000000000000000...]
Compiling architecture lut6_v of entity unisim.LUT6 [\LUT6(init="00000000000000001000...]
Compiling architecture lut6_v of entity unisim.LUT6 [\LUT6(init="10000000100000001000...]
Compiling architecture lut6_v of entity unisim.LUT6 [\LUT6(init="00000000000000000000...]
Compiling architecture lut6_v of entity unisim.LUT6 [\LUT6(init="00000000000010000000...]
Compiling architecture lut6_v of entity unisim.LUT6 [\LUT6(init="00000000000000000010...]
Compiling architecture lut6_v of entity unisim.LUT6 [\LUT6(init="00100000001000000010...]
Compiling architecture lut6_v of entity unisim.LUT6 [\LUT6(init="00000000000000000000...]
Compiling architecture lut4_v of entity unisim.LUT4 [\LUT4(init="0100000000000000")(0...]
Compiling architecture lut6_v of entity unisim.LUT6 [\LUT6(init="11111000100010001111...]
Compiling architecture lut6_v of entity unisim.LUT6 [\LUT6(init="10011001100110010011...]
Compiling architecture lut6_v of entity unisim.LUT6 [\LUT6(init="00000000000000000000...]
Compiling architecture lut5_v of entity unisim.LUT5 [\LUT5(init="01000000111111111111...]
Compiling architecture lut5_v of entity unisim.LUT5 [\LUT5(init="01110111011101111000...]
Compiling architecture lut4_v of entity unisim.LUT4 [\LUT4(init="0110000000000000")(0...]
Compiling architecture lut4_v of entity unisim.LUT4 [\LUT4(init="0000100000000000")(0...]
Compiling architecture lut6_v of entity unisim.LUT6 [\LUT6(init="01110111011101110011...]
Compiling architecture structure of entity xil_defaultlib.\clocking__parameterized1\ [\clocking__parameterized1_defaul...]
Compiling architecture structure of entity xil_defaultlib.clocking_2 [clocking_2_default]
Compiling architecture lut4_v of entity unisim.LUT4 [\LUT4(init="1000100010111000")(0...]
Compiling architecture lut4_v of entity unisim.LUT4 [\LUT4(init="0100010001110100")(0...]
Compiling architecture lut4_v of entity unisim.LUT4 [\LUT4(init="0010001010110010")(0...]
Compiling architecture lut6_v of entity unisim.LUT6 [\LUT6(init="00000000000000010000...]
Compiling architecture lut6_v of entity unisim.LUT6 [\LUT6(init="01111111111111111111...]
Compiling architecture lut5_v of entity unisim.LUT5 [\LUT5(init="11111111111111111111...]
Compiling architecture srl16e_v of entity unisim.SRL16E [\SRL16E(init="0111111111111111")...]
Compiling architecture srl16e_v of entity unisim.SRL16E [\SRL16E(0,15)\]
Compiling architecture fdre_v of entity unisim.FDRE [\FDRE(init='1')\]
Compiling architecture lut4_v of entity unisim.LUT4 [\LUT4(init="0100010001001101")(0...]
Compiling architecture lut4_v of entity unisim.LUT4 [\LUT4(init="0110000000000110")(0...]
Compiling architecture structure of entity xil_defaultlib.vga_gen [vga_gen_default]
Compiling architecture obufds_v of entity unisim.OBUFDS [\OBUFDS(1,9)(1,7)(1,4)\]
Compiling secureip modules ...
Compiling architecture oserdese2_v of entity unisim.OSERDESE2 [\OSERDESE2(data_width=10,tristat...]
Compiling architecture oserdese2_v of entity unisim.OSERDESE2 [\OSERDESE2(data_width=10,serdes_...]
Compiling architecture structure of entity xil_defaultlib.OSERDES_10BIT_WRAP [oserdes_10bit_wrap_default]
Compiling architecture structure of entity xil_defaultlib.OSERDES_10BIT_WRAP_1 [oserdes_10bit_wrap_1_default]
Compiling architecture structure of entity xil_defaultlib.OSERDES_10BIT_WRAP_2 [oserdes_10bit_wrap_2_default]
Compiling architecture structure of entity xil_defaultlib.OSERDES_10BIT_WRAP_3 [oserdes_10bit_wrap_3_default]
Compiling architecture lut4_v of entity unisim.LUT4 [\LUT4(init="1101001001111000")(0...]
Compiling architecture lut5_v of entity unisim.LUT5 [\LUT5(init="00110011001110011001...]
Compiling architecture lut5_v of entity unisim.LUT5 [\LUT5(init="00110011001110110001...]
Compiling architecture lut3_v of entity unisim.LUT3 [\LUT3(init="01010011")(0,7)\]
Compiling architecture lut6_v of entity unisim.LUT6 [\LUT6(init="11000011110000111100...]
Compiling architecture structure of entity xil_defaultlib.TDMS_encoder [tdms_encoder_default]
Compiling architecture lut3_v of entity unisim.LUT3 [\LUT3(init="11110110")(0,7)\]
Compiling architecture fdse_v of entity unisim.FDSE [\FDSE(init='0')\]
Compiling architecture structure of entity xil_defaultlib.TDMS_encoder_4 [tdms_encoder_4_default]
Compiling architecture structure of entity xil_defaultlib.TDMS_encoder_5 [tdms_encoder_5_default]
Compiling architecture structure of entity xil_defaultlib.dvid [dvid_default]
Compiling architecture lut2_v of entity unisim.LUT2 [\LUT2(init="1101")(0,3)\]
Compiling architecture structure of entity xil_defaultlib.image_driver [image_driver_default]
Compiling architecture structure of entity xil_defaultlib.hdmi_driver [hdmi_driver_default]
Compiling architecture structure of entity xil_defaultlib.FPGA2 [fpga2_default]
Compiling architecture structure of entity xil_defaultlib.TD_RAM_36K_WRAP [td_ram_36k_wrap_default]
Compiling architecture obuf_v of entity unisim.OBUF [\OBUF(1,9)(1,7)(1,4)\]
Compiling architecture structure of entity xil_defaultlib.top [top_default]
Compiling architecture behavioral of entity xil_defaultlib.top_tb
Built simulation snapshot top_tb_func_synth
