Copyright 1986-2018 Xilinx, Inc. All Rights Reserved.
------------------------------------------------------------------------------------
| Tool Version : Vivado v.2018.2 (lin64) Build 2258646 Thu Jun 14 20:02:38 MDT 2018
| Date         : Wed Jun 10 21:50:33 2020
| Host         : JacobOffersen running 64-bit Ubuntu 19.10
| Command      : report_clock_utilization -file top_clock_utilization_routed.rpt
| Design       : top
| Device       : 7s25-ftgb196
| Speed File   : -1  PRODUCTION 1.22 2018-03-21
------------------------------------------------------------------------------------

Clock Utilization Report

Table of Contents
-----------------
1. Clock Primitive Utilization
2. Global Clock Resources
3. Global Clock Source Details
4. Clock Regions: Key Resource Utilization
5. Clock Regions : Global Clock Summary
6. Device Cell Placement Summary for Global Clock g0
7. Device Cell Placement Summary for Global Clock g1
8. Device Cell Placement Summary for Global Clock g2
9. Device Cell Placement Summary for Global Clock g3
10. Device Cell Placement Summary for Global Clock g4
11. Clock Region Cell Placement per Global Clock: Region X0Y0
12. Clock Region Cell Placement per Global Clock: Region X1Y0

1. Clock Primitive Utilization
------------------------------

+----------+------+-----------+-----+--------------+--------+
| Type     | Used | Available | LOC | Clock Region | Pblock |
+----------+------+-----------+-----+--------------+--------+
| BUFGCTRL |    4 |        32 |   0 |            0 |      0 |
| BUFH     |    0 |        48 |   0 |            0 |      0 |
| BUFIO    |    0 |        12 |   0 |            0 |      0 |
| BUFMR    |    0 |         6 |   0 |            0 |      0 |
| BUFR     |    1 |        12 |   0 |            0 |      0 |
| MMCM     |    3 |         3 |   0 |            0 |      0 |
| PLL      |    0 |         3 |   0 |            0 |      0 |
+----------+------+-----------+-----+--------------+--------+


2. Global Clock Resources
-------------------------

+-----------+-----------+-----------------+------------+----------------+--------------+-------------------+-------------+-----------------+--------------+----------------+------------------------------------------------------------------+------------------------------------------+
| Global Id | Source Id | Driver Type/Pin | Constraint | Site           | Clock Region | Load Clock Region | Clock Loads | Non-Clock Loads | Clock Period | Clock          | Driver Pin                                                       | Net                                      |
+-----------+-----------+-----------------+------------+----------------+--------------+-------------------+-------------+-----------------+--------------+----------------+------------------------------------------------------------------+------------------------------------------+
| g0        | src0      | BUFR/O          | None       | BUFR_X0Y1      | X0Y0         |                 1 |         207 |               0 |       13.468 | pixel_clk      | FPGA2_inst/clocking_2_inst/BUFR_pixel_clk_inst/O                 | FPGA2_inst/clocking_2_inst/pixel_clk     |
| g1        | src0      | BUFG/O          | None       | BUFGCTRL_X0Y0  | n/a          |                 1 |           8 |               0 |        2.694 | pixel_clk_x5   | FPGA2_inst/clocking_2_inst/CLK_I_X5_BUFG_inst/O                  | FPGA2_inst/clocking_2_inst/CLK_I_X5_BUFG |
| g2        | src1      | BUFG/O          | None       | BUFGCTRL_X0Y1  | n/a          |                 2 |         177 |               0 |       62.500 | clk_A          | clk_A_BUFG_inst/O                                                | clk_A_BUFG                               |
| g3        | src2      | BUFG/O          | None       | BUFGCTRL_X0Y16 | n/a          |                 2 |          40 |               1 |       10.000 | FPGA1_inst_n_9 | FPGA1_inst/clocking_1_inst/sclk_active_reg_BUFG_collapsed_inst/O | FPGA1_inst/clocking_1_inst/xlnx_opt_     |
| g4        | src3      | BUFG/O          | None       | BUFGCTRL_X0Y2  | n/a          |                 1 |          40 |               0 |              |                | SPI_SCLK_I_IBUF_BUFG_inst/O                                      | SPI_SCLK_I_IBUF_BUFG                     |
+-----------+-----------+-----------------+------------+----------------+--------------+-------------------+-------------+-----------------+--------------+----------------+------------------------------------------------------------------+------------------------------------------+
* Clock Loads column represents the clock pin loads (pin count)
** Non-Clock Loads column represents the non-clock pin loads (pin count)


3. Global Clock Source Details
------------------------------

+-----------+-----------+--------------------+------------+-----------------+--------------+-------------+-----------------+---------------------+----------------+-------------------------------------------------------------+--------------------------------------------+
| Source Id | Global Id | Driver Type/Pin    | Constraint | Site            | Clock Region | Clock Loads | Non-Clock Loads | Source Clock Period | Source Clock   | Driver Pin                                                  | Net                                        |
+-----------+-----------+--------------------+------------+-----------------+--------------+-------------+-----------------+---------------------+----------------+-------------------------------------------------------------+--------------------------------------------+
| src0      | g0, g1    | MMCME2_ADV/CLKOUT0 | None       | MMCME2_ADV_X0Y0 | X0Y0         |           2 |               0 |               2.694 | pixel_clk_x5   | FPGA2_inst/clocking_2_inst/MMCME2_BASE_pixelx5_inst/CLKOUT0 | FPGA2_inst/clocking_2_inst/CLK_I_X5        |
| src1      | g2        | MMCME2_ADV/CLKOUT0 | None       | MMCME2_ADV_X1Y0 | X1Y0         |           1 |               0 |              62.500 | clk_A          | FPGA1_inst/clocking_1_inst/MMCME2_BASE_16_inst/CLKOUT0      | FPGA1_inst/clocking_1_inst/clk_A           |
| src2      | g3        | MMCME2_ADV/CLKOUT0 | None       | MMCME2_ADV_X0Y1 | X0Y1         |           1 |               0 |              10.000 | FPGA1_inst_n_9 | FPGA1_inst/clocking_1_inst/MMCME2_BASE_SPI_inst/CLKOUT0     | FPGA1_inst/clocking_1_inst/sclk_active_reg |
| src3      | g4        | IBUF/O             | IOB_X1Y23  | IOB_X1Y23       | X1Y0         |           1 |               0 |                     |                | SPI_SCLK_I_IBUF_inst/O                                      | SPI_SCLK_I_IBUF                            |
+-----------+-----------+--------------------+------------+-----------------+--------------+-------------+-----------------+---------------------+----------------+-------------------------------------------------------------+--------------------------------------------+
* Clock Loads column represents the clock pin loads (pin count)
** Non-Clock Loads column represents the non-clock pin loads (pin count)


4. Clock Regions: Key Resource Utilization
------------------------------------------

+-------------------+--------------+--------------+--------------+--------------+--------------+--------------+--------------+--------------+--------------+--------------+--------------+--------------+--------------+--------------+--------------+
|                   | Global Clock |     BUFRs    |    BUFMRs    |    BUFIOs    |     MMCM     |      PLL     |      GT      |      PCI     |    ILOGIC    |    OLOGIC    |      FF      |     LUTM     |    RAMB18    |    RAMB36    |    DSP48E2   |
+-------------------+------+-------+------+-------+------+-------+------+-------+------+-------+------+-------+------+-------+------+-------+------+-------+------+-------+------+-------+------+-------+------+-------+------+-------+------+-------+
| Clock Region Name | Used | Avail | Used | Avail | Used | Avail | Used | Avail | Used | Avail | Used | Avail | Used | Avail | Used | Avail | Used | Avail | Used | Avail | Used | Avail | Used | Avail | Used | Avail | Used | Avail | Used | Avail |
+-------------------+------+-------+------+-------+------+-------+------+-------+------+-------+------+-------+------+-------+------+-------+------+-------+------+-------+------+-------+------+-------+------+-------+------+-------+------+-------+
| X0Y0              |    5 |    12 |    1 |     4 |    0 |     2 |    0 |     4 |    0 |     1 |    0 |     1 |    0 |     0 |    0 |     0 |    0 |    50 |    8 |    50 |  329 |   800 |  167 |   300 |    0 |    20 |    3 |    10 |    0 |    20 |
| X1Y0              |    2 |    12 |    0 |     4 |    0 |     2 |    0 |     4 |    0 |     1 |    0 |     1 |    0 |     0 |    0 |     0 |    0 |    50 |    0 |    50 |   94 |  1300 |   25 |   400 |    0 |    40 |    0 |    20 |    0 |    20 |
| X0Y1              |    0 |    12 |    0 |     4 |    0 |     2 |    0 |     4 |    0 |     1 |    0 |     1 |    0 |     0 |    0 |     0 |    0 |    50 |    0 |    50 |    0 |   800 |    0 |   300 |    0 |    20 |    0 |    10 |    0 |    20 |
| X1Y1              |    0 |    12 |    0 |     0 |    0 |     0 |    0 |     0 |    0 |     0 |    0 |     0 |    0 |     4 |    0 |     1 |    0 |     0 |    0 |     0 |    0 |   750 |    0 |   250 |    0 |    10 |    0 |     5 |    0 |    20 |
+-------------------+------+-------+------+-------+------+-------+------+-------+------+-------+------+-------+------+-------+------+-------+------+-------+------+-------+------+-------+------+-------+------+-------+------+-------+------+-------+
* Global Clock column represents track count; while other columns represents cell counts


5. Clock Regions : Global Clock Summary
---------------------------------------

All Modules
+----+----+----+
|    | X0 | X1 |
+----+----+----+
| Y1 |  0 |  0 |
| Y0 |  5 |  2 |
+----+----+----+


6. Device Cell Placement Summary for Global Clock g0
----------------------------------------------------

+-----------+-----------------+-------------------+-----------+-------------+---------------+-------------+----------+----------------+----------+--------------------------------------+
| Global Id | Driver Type/Pin | Driver Region (D) | Clock     | Period (ns) | Waveform (ns) | Slice Loads | IO Loads | Clocking Loads | GT Loads | Net                                  |
+-----------+-----------------+-------------------+-----------+-------------+---------------+-------------+----------+----------------+----------+--------------------------------------+
| g0        | BUFR/O          | X0Y0              | pixel_clk |      13.468 | {0.000 5.387} |         199 |        8 |              0 |        0 | FPGA2_inst/clocking_2_inst/pixel_clk |
+-----------+-----------------+-------------------+-----------+-------------+---------------+-------------+----------+----------------+----------+--------------------------------------+
* Logic Loads column represents load cell count of all cell types other than IO, GT and clock resources
** IO Loads column represents load cell count of IO types
*** Clocking Loads column represents load cell count that are clock resources (global clock buffer, MMCM, PLL, etc)
**** GT Loads column represents load cell count of GT types


+----+----------+----+
|    | X0       | X1 |
+----+----------+----+
| Y1 |        0 |  0 |
| Y0 |  (D) 207 |  0 |
+----+----------+----+


7. Device Cell Placement Summary for Global Clock g1
----------------------------------------------------

+-----------+-----------------+-------------------+--------------+-------------+---------------+-------------+----------+----------------+----------+------------------------------------------+
| Global Id | Driver Type/Pin | Driver Region (D) | Clock        | Period (ns) | Waveform (ns) | Slice Loads | IO Loads | Clocking Loads | GT Loads | Net                                      |
+-----------+-----------------+-------------------+--------------+-------------+---------------+-------------+----------+----------------+----------+------------------------------------------+
| g1        | BUFG/O          | n/a               | pixel_clk_x5 |       2.694 | {0.000 1.347} |           0 |        8 |              0 |        0 | FPGA2_inst/clocking_2_inst/CLK_I_X5_BUFG |
+-----------+-----------------+-------------------+--------------+-------------+---------------+-------------+----------+----------------+----------+------------------------------------------+
* Logic Loads column represents load cell count of all cell types other than IO, GT and clock resources
** IO Loads column represents load cell count of IO types
*** Clocking Loads column represents load cell count that are clock resources (global clock buffer, MMCM, PLL, etc)
**** GT Loads column represents load cell count of GT types


+----+----+----+
|    | X0 | X1 |
+----+----+----+
| Y1 |  0 |  0 |
| Y0 |  8 |  0 |
+----+----+----+


8. Device Cell Placement Summary for Global Clock g2
----------------------------------------------------

+-----------+-----------------+-------------------+-------+-------------+----------------+-------------+----------+----------------+----------+------------+
| Global Id | Driver Type/Pin | Driver Region (D) | Clock | Period (ns) | Waveform (ns)  | Slice Loads | IO Loads | Clocking Loads | GT Loads | Net        |
+-----------+-----------------+-------------------+-------+-------------+----------------+-------------+----------+----------------+----------+------------+
| g2        | BUFG/O          | n/a               | clk_A |      62.500 | {0.000 31.250} |         177 |        0 |              0 |        0 | clk_A_BUFG |
+-----------+-----------------+-------------------+-------+-------------+----------------+-------------+----------+----------------+----------+------------+
* Logic Loads column represents load cell count of all cell types other than IO, GT and clock resources
** IO Loads column represents load cell count of IO types
*** Clocking Loads column represents load cell count that are clock resources (global clock buffer, MMCM, PLL, etc)
**** GT Loads column represents load cell count of GT types


+----+-----+-----+
|    | X0  | X1  |
+----+-----+-----+
| Y1 |   0 |   0 |
| Y0 |  84 |  93 |
+----+-----+-----+


9. Device Cell Placement Summary for Global Clock g3
----------------------------------------------------

+-----------+-----------------+-------------------+----------------+-------------+---------------+-------------+----------+----------------+----------+--------------------------------------+
| Global Id | Driver Type/Pin | Driver Region (D) | Clock          | Period (ns) | Waveform (ns) | Slice Loads | IO Loads | Clocking Loads | GT Loads | Net                                  |
+-----------+-----------------+-------------------+----------------+-------------+---------------+-------------+----------+----------------+----------+--------------------------------------+
| g3        | BUFG/O          | n/a               | FPGA1_inst_n_9 |      10.000 | {0.000 5.000} |          41 |        0 |              0 |        0 | FPGA1_inst/clocking_1_inst/xlnx_opt_ |
+-----------+-----------------+-------------------+----------------+-------------+---------------+-------------+----------+----------------+----------+--------------------------------------+
* Logic Loads column represents load cell count of all cell types other than IO, GT and clock resources
** IO Loads column represents load cell count of IO types
*** Clocking Loads column represents load cell count that are clock resources (global clock buffer, MMCM, PLL, etc)
**** GT Loads column represents load cell count of GT types


+----+-----+----+
|    | X0  | X1 |
+----+-----+----+
| Y1 |   0 |  0 |
| Y0 |  39 |  2 |
+----+-----+----+


10. Device Cell Placement Summary for Global Clock g4
-----------------------------------------------------

+-----------+-----------------+-------------------+-------+-------------+---------------+-------------+----------+----------------+----------+----------------------+
| Global Id | Driver Type/Pin | Driver Region (D) | Clock | Period (ns) | Waveform (ns) | Slice Loads | IO Loads | Clocking Loads | GT Loads | Net                  |
+-----------+-----------------+-------------------+-------+-------------+---------------+-------------+----------+----------------+----------+----------------------+
| g4        | BUFG/O          | n/a               |       |             |               |          40 |        0 |              0 |        0 | SPI_SCLK_I_IBUF_BUFG |
+-----------+-----------------+-------------------+-------+-------------+---------------+-------------+----------+----------------+----------+----------------------+
* Logic Loads column represents load cell count of all cell types other than IO, GT and clock resources
** IO Loads column represents load cell count of IO types
*** Clocking Loads column represents load cell count that are clock resources (global clock buffer, MMCM, PLL, etc)
**** GT Loads column represents load cell count of GT types


+----+-----+----+
|    | X0  | X1 |
+----+-----+----+
| Y1 |   0 |  0 |
| Y0 |  40 |  0 |
+----+-----+----+


11. Clock Region Cell Placement per Global Clock: Region X0Y0
-------------------------------------------------------------

+-----------+-------+-----------------+------------+-------------+-----------------+-----+--------+------+-----+----+------+-----+---------+------------------------------------------+
| Global Id | Track | Driver Type/Pin | Constraint | Clock Loads | Non-Clock Loads | FF  | LUTRAM | RAMB | DSP | GT | MMCM | PLL | Hard IP | Net                                      |
+-----------+-------+-----------------+------------+-------------+-----------------+-----+--------+------+-----+----+------+-----+---------+------------------------------------------+
| g0        | n/a   | BUFR/O          | None       |         207 |               0 | 171 |     27 |    1 |   0 |  0 |    0 |   0 |       0 | FPGA2_inst/clocking_2_inst/pixel_clk     |
| g2        | n/a   | BUFG/O          | None       |          84 |               0 |  82 |      0 |    2 |   0 |  0 |    0 |   0 |       0 | clk_A_BUFG                               |
| g3        | n/a   | BUFG/O          | None       |          39 |               0 |  38 |      0 |    1 |   0 |  0 |    0 |   0 |       0 | FPGA1_inst/clocking_1_inst/xlnx_opt_     |
| g4        | n/a   | BUFG/O          | None       |          40 |               0 |  38 |      0 |    2 |   0 |  0 |    0 |   0 |       0 | SPI_SCLK_I_IBUF_BUFG                     |
| g1        | n/a   | BUFG/O          | None       |           8 |               0 |   0 |      0 |    0 |   0 |  0 |    0 |   0 |       0 | FPGA2_inst/clocking_2_inst/CLK_I_X5_BUFG |
+-----------+-------+-----------------+------------+-------------+-----------------+-----+--------+------+-----+----+------+-----+---------+------------------------------------------+
* Clock Loads column represents the clock pin loads (pin count)
** Non-Clock Loads column represents the non-clock pin loads (pin count)
*** Columns FF, LUTRAM, RAMB through 'Hard IP' represents load cell counts


12. Clock Region Cell Placement per Global Clock: Region X1Y0
-------------------------------------------------------------

+-----------+-------+-----------------+------------+-------------+-----------------+----+--------+------+-----+----+------+-----+---------+--------------------------------------+
| Global Id | Track | Driver Type/Pin | Constraint | Clock Loads | Non-Clock Loads | FF | LUTRAM | RAMB | DSP | GT | MMCM | PLL | Hard IP | Net                                  |
+-----------+-------+-----------------+------------+-------------+-----------------+----+--------+------+-----+----+------+-----+---------+--------------------------------------+
| g2        | n/a   | BUFG/O          | None       |          93 |               0 | 93 |      0 |    0 |   0 |  0 |    0 |   0 |       0 | clk_A_BUFG                           |
| g3        | n/a   | BUFG/O          | None       |           1 |               1 |  1 |      0 |    0 |   0 |  0 |    0 |   0 |       0 | FPGA1_inst/clocking_1_inst/xlnx_opt_ |
+-----------+-------+-----------------+------------+-------------+-----------------+----+--------+------+-----+----+------+-----+---------+--------------------------------------+
* Clock Loads column represents the clock pin loads (pin count)
** Non-Clock Loads column represents the non-clock pin loads (pin count)
*** Columns FF, LUTRAM, RAMB through 'Hard IP' represents load cell counts



# Location of BUFG Primitives 
set_property LOC BUFGCTRL_X0Y1 [get_cells clk_A_BUFG_inst]
set_property LOC BUFGCTRL_X0Y2 [get_cells SPI_SCLK_I_IBUF_BUFG_inst]
set_property LOC BUFGCTRL_X0Y0 [get_cells FPGA2_inst/clocking_2_inst/CLK_I_X5_BUFG_inst]
set_property LOC BUFGCTRL_X0Y16 [get_cells FPGA1_inst/clocking_1_inst/sclk_active_reg_BUFG_collapsed_inst]

# Location of BUFR Primitives 
set_property LOC BUFR_X0Y1 [get_cells FPGA2_inst/clocking_2_inst/BUFR_pixel_clk_inst]

# Location of IO Primitives which is load of clock spine

# Location of clock ports
set_property LOC IOB_X1Y0 [get_ports CLK100MHZ]
set_property LOC IOB_X1Y23 [get_ports SPI_SCLK_I]

# Clock net "clk_A_BUFG" driven by instance "clk_A_BUFG_inst" located at site "BUFGCTRL_X0Y1"
#startgroup
create_pblock {CLKAG_clk_A_BUFG}
add_cells_to_pblock [get_pblocks  {CLKAG_clk_A_BUFG}] [get_cells -filter { PRIMITIVE_GROUP != I/O && IS_PRIMITIVE==1 && PRIMITIVE_LEVEL !=INTERNAL } -of_object [get_pins -filter {DIRECTION==IN} -of_objects [get_nets -hierarchical -filter {PARENT=="clk_A_BUFG"}]]]
resize_pblock [get_pblocks {CLKAG_clk_A_BUFG}] -add {CLOCKREGION_X0Y0:CLOCKREGION_X0Y0 CLOCKREGION_X1Y0:CLOCKREGION_X1Y0}
#endgroup

# Clock net "SPI_SCLK_I_IBUF_BUFG" driven by instance "SPI_SCLK_I_IBUF_BUFG_inst" located at site "BUFGCTRL_X0Y2"
#startgroup
create_pblock {CLKAG_SPI_SCLK_I_IBUF_BUFG}
add_cells_to_pblock [get_pblocks  {CLKAG_SPI_SCLK_I_IBUF_BUFG}] [get_cells -filter { PRIMITIVE_GROUP != I/O && IS_PRIMITIVE==1 && PRIMITIVE_LEVEL !=INTERNAL } -of_object [get_pins -filter {DIRECTION==IN} -of_objects [get_nets -hierarchical -filter {PARENT=="SPI_SCLK_I_IBUF_BUFG"}]]]
resize_pblock [get_pblocks {CLKAG_SPI_SCLK_I_IBUF_BUFG}] -add {CLOCKREGION_X0Y0:CLOCKREGION_X0Y0}
#endgroup

# Clock net "FPGA2_inst/clocking_2_inst/pixel_clk" driven by instance "FPGA2_inst/clocking_2_inst/BUFR_pixel_clk_inst" located at site "BUFR_X0Y1"
#startgroup
create_pblock {CLKAG_FPGA2_inst/clocking_2_inst/pixel_clk}
add_cells_to_pblock [get_pblocks  {CLKAG_FPGA2_inst/clocking_2_inst/pixel_clk}] [get_cells -filter { PRIMITIVE_GROUP != I/O && IS_PRIMITIVE==1 && PRIMITIVE_LEVEL !=INTERNAL } -of_object [get_pins -filter {DIRECTION==IN} -of_objects [get_nets -hierarchical -filter {PARENT=="FPGA2_inst/clocking_2_inst/pixel_clk"}]]]
resize_pblock [get_pblocks {CLKAG_FPGA2_inst/clocking_2_inst/pixel_clk}] -add {CLOCKREGION_X0Y0:CLOCKREGION_X0Y0}
#endgroup

# Clock net "FPGA2_inst/clocking_2_inst/CLK_I_X5_BUFG" driven by instance "FPGA2_inst/clocking_2_inst/CLK_I_X5_BUFG_inst" located at site "BUFGCTRL_X0Y0"
#startgroup
create_pblock {CLKAG_FPGA2_inst/clocking_2_inst/CLK_I_X5_BUFG}
add_cells_to_pblock [get_pblocks  {CLKAG_FPGA2_inst/clocking_2_inst/CLK_I_X5_BUFG}] [get_cells -filter { PRIMITIVE_GROUP != I/O && IS_PRIMITIVE==1 && PRIMITIVE_LEVEL !=INTERNAL } -of_object [get_pins -filter {DIRECTION==IN} -of_objects [get_nets -hierarchical -filter {PARENT=="FPGA2_inst/clocking_2_inst/CLK_I_X5_BUFG"}]]]
resize_pblock [get_pblocks {CLKAG_FPGA2_inst/clocking_2_inst/CLK_I_X5_BUFG}] -add {CLOCKREGION_X0Y0:CLOCKREGION_X0Y0}
#endgroup

# Clock net "FPGA1_inst/clocking_1_inst/xlnx_opt_" driven by instance "FPGA1_inst/clocking_1_inst/sclk_active_reg_BUFG_collapsed_inst" located at site "BUFGCTRL_X0Y16"
#startgroup
create_pblock {CLKAG_FPGA1_inst/clocking_1_inst/xlnx_opt_}
add_cells_to_pblock [get_pblocks  {CLKAG_FPGA1_inst/clocking_1_inst/xlnx_opt_}] [get_cells -filter { PRIMITIVE_GROUP != I/O && IS_PRIMITIVE==1 && PRIMITIVE_LEVEL !=INTERNAL } -of_object [get_pins -filter {DIRECTION==IN} -of_objects [get_nets -hierarchical -filter {PARENT=="FPGA1_inst/clocking_1_inst/xlnx_opt_"}]]]
resize_pblock [get_pblocks {CLKAG_FPGA1_inst/clocking_1_inst/xlnx_opt_}] -add {CLOCKREGION_X0Y0:CLOCKREGION_X0Y0 CLOCKREGION_X1Y0:CLOCKREGION_X1Y0}
#endgroup
