Copyright 1986-2018 Xilinx, Inc. All Rights Reserved.
-------------------------------------------------------------------------------------------------------------------------------
| Tool Version     : Vivado v.2018.2 (lin64) Build 2258646 Thu Jun 14 20:02:38 MDT 2018
| Date             : Fri Jun 12 16:48:21 2020
| Host             : JacobOffersen running 64-bit Ubuntu 19.10
| Command          : report_power -file top_power_routed.rpt -pb top_power_summary_routed.pb -rpx top_power_routed.rpx
| Design           : top
| Device           : xc7s25ftgb196-1
| Design State     : routed
| Grade            : commercial
| Process          : typical
| Characterization : Production
-------------------------------------------------------------------------------------------------------------------------------

Power Report

Table of Contents
-----------------
1. Summary
1.1 On-Chip Components
1.2 Power Supply Summary
1.3 Confidence Level
2. Settings
2.1 Environment
2.2 Clock Constraints
3. Detailed Reports
3.1 By Hierarchy

1. Summary
----------

+--------------------------+--------------+
| Total On-Chip Power (W)  | 0.452        |
| Design Power Budget (W)  | Unspecified* |
| Power Budget Margin (W)  | NA           |
| Dynamic (W)              | 0.390        |
| Device Static (W)        | 0.062        |
| Effective TJA (C/W)      | 3.3          |
| Max Ambient (C)          | 83.5         |
| Junction Temperature (C) | 26.5         |
| Confidence Level         | Medium       |
| Setting File             | ---          |
| Simulation Activity File | ---          |
| Design Nets Matched      | NA           |
+--------------------------+--------------+
* Specify Design Power Budget using, set_operating_conditions -design_power_budget <value in Watts>


1.1 On-Chip Components
----------------------

+-------------------------+-----------+----------+-----------+-----------------+
| On-Chip                 | Power (W) | Used     | Available | Utilization (%) |
+-------------------------+-----------+----------+-----------+-----------------+
| Clocks                  |     0.006 |       11 |       --- |             --- |
| Slice Logic             |     0.001 |     1288 |       --- |             --- |
|   LUT as Logic          |     0.001 |      569 |     14600 |            3.90 |
|   Register              |    <0.001 |      411 |     29200 |            1.41 |
|   BUFG                  |    <0.001 |        3 |        32 |            9.38 |
|   LUT as Shift Register |    <0.001 |       19 |      5000 |            0.38 |
|   CARRY4                |    <0.001 |       40 |      3650 |            1.10 |
|   F7/F8 Muxes           |    <0.001 |       10 |     14600 |            0.07 |
|   Others                |     0.000 |       49 |       --- |             --- |
|   BUFR                  |     0.000 |        1 |        60 |            1.67 |
| Signals                 |     0.001 |     1061 |       --- |             --- |
| Block RAM               |     0.002 |        3 |        45 |            6.67 |
| MMCM                    |     0.242 |        2 |         3 |           66.67 |
| I/O                     |     0.136 |       15 |       100 |           15.00 |
| Static Power            |     0.062 |          |           |                 |
| Total                   |     0.452 |          |           |                 |
+-------------------------+-----------+----------+-----------+-----------------+


1.2 Power Supply Summary
------------------------

+-----------+-------------+-----------+-------------+------------+
| Source    | Voltage (V) | Total (A) | Dynamic (A) | Static (A) |
+-----------+-------------+-----------+-------------+------------+
| Vccint    |       1.000 |     0.020 |       0.015 |      0.005 |
| Vccaux    |       1.800 |     0.143 |       0.134 |      0.009 |
| Vcco33    |       3.300 |     0.042 |       0.041 |      0.001 |
| Vcco25    |       2.500 |     0.000 |       0.000 |      0.000 |
| Vcco18    |       1.800 |     0.000 |       0.000 |      0.000 |
| Vcco15    |       1.500 |     0.000 |       0.000 |      0.000 |
| Vcco135   |       1.350 |     0.000 |       0.000 |      0.000 |
| Vcco12    |       1.200 |     0.000 |       0.000 |      0.000 |
| Vccaux_io |       1.800 |     0.000 |       0.000 |      0.000 |
| Vccbram   |       1.000 |     0.000 |       0.000 |      0.000 |
| Vccadc    |       1.800 |     0.020 |       0.000 |      0.020 |
+-----------+-------------+-----------+-------------+------------+


1.3 Confidence Level
--------------------

+-----------------------------+------------+-------------------------------------------------------+--------------------------------------------------------------------------------------------------------------------+
| User Input Data             | Confidence | Details                                               | Action                                                                                                             |
+-----------------------------+------------+-------------------------------------------------------+--------------------------------------------------------------------------------------------------------------------+
| Design implementation state | High       | Design is routed                                      |                                                                                                                    |
| Clock nodes activity        | Medium     | More than 5% of clocks are missing user specification | Provide missing clock activity with a constraint file, simulation results or by editing the "By Clock Domain" view |
| I/O nodes activity          | Medium     | More than 5% of inputs are missing user specification | Provide missing input activity with simulation results or by editing the "By Resource Type -> I/Os" view           |
| Internal nodes activity     | Medium     | User specified less than 25% of internal nodes        | Provide missing internal nodes activity with simulation results or by editing the "By Resource Type" views         |
| Device models               | High       | Device models are Production                          |                                                                                                                    |
|                             |            |                                                       |                                                                                                                    |
| Overall confidence level    | Medium     |                                                       |                                                                                                                    |
+-----------------------------+------------+-------------------------------------------------------+--------------------------------------------------------------------------------------------------------------------+


2. Settings
-----------

2.1 Environment
---------------

+-----------------------+--------------------------+
| Ambient Temp (C)      | 25.0                     |
| ThetaJA (C/W)         | 3.3                      |
| Airflow (LFM)         | 250                      |
| Heat Sink             | medium (Medium Profile)  |
| ThetaSA (C/W)         | 15.4                     |
| Board Selection       | medium (10"x10")         |
| # of Board Layers     | 12to15 (12 to 15 Layers) |
| Board Temperature (C) | 25.0                     |
+-----------------------+--------------------------+


2.2 Clock Constraints
---------------------

+----------------+---------------------------------------------------------------------------+-----------------+
| Clock          | Domain                                                                    | Constraint (ns) |
+----------------+---------------------------------------------------------------------------+-----------------+
| CLK100MHZ      | CLK100MHZ                                                                 |            10.0 |
| CLKFBIN        | FPGA1_inst/clocking_1_inst/CLKFBIN                                        |            10.0 |
| CLKFBIN_1      | FPGA2_inst/clocking_2_inst/CLKFBIN                                        |            40.0 |
| I              | FPGA1_inst/clocking_1_inst/I                                              |            62.4 |
| clk            | FPGA1_inst/SpiTx/spi_tx_serdes_based_gen.spi_tx_serdes_based_inst/clk     |             2.9 |
| clk_div        | FPGA1_inst/SpiTx/spi_tx_serdes_based_gen.spi_tx_serdes_based_inst/clk_div |            11.7 |
| clk_spi        | FPGA1_inst/clocking_1_inst/clk_spi                                        |             2.9 |
| mmcm_clock_out | FPGA2_inst/clocking_2_inst/mmcm_clock_out                                 |             2.7 |
| pixel_clk      | FPGA2_inst/clocking_2_inst/pixel_clk                                      |            13.5 |
+----------------+---------------------------------------------------------------------------+-----------------+


3. Detailed Reports
-------------------

3.1 By Hierarchy
----------------

+--------------------------------------------------------+-----------+
| Name                                                   | Power (W) |
+--------------------------------------------------------+-----------+
| top                                                    |     0.390 |
|   FPGA1_inst                                           |     0.130 |
|     QLINK1                                             |    <0.001 |
|       DECODE                                           |    <0.001 |
|       ENCODE                                           |    <0.001 |
|     RAM_inst0                                          |    <0.001 |
|     SpiTx                                              |     0.003 |
|       spi_tx_serdes_based_gen.spi_tx_serdes_based_inst |     0.003 |
|     clocking_1_inst                                    |     0.125 |
|   FPGA2_inst                                           |     0.257 |
|     RAM_inst1                                          |     0.001 |
|     SpiRx                                              |     0.001 |
|       spi_rx_serdes_based_gen.spi_rx_serdes_based_inst |     0.001 |
|     clocking_2_inst                                    |     0.118 |
|     hdmi_driver_inst                                   |     0.137 |
|       Inst_vga_gen                                     |    <0.001 |
|       dvid_1                                           |     0.002 |
|         OSERDES_B                                      |    <0.001 |
|         OSERDES_CLK                                    |    <0.001 |
|         OSERDES_G                                      |    <0.001 |
|         OSERDES_R                                      |    <0.001 |
|         TDMS_encoder_blue                              |    <0.001 |
|         TDMS_encoder_green                             |    <0.001 |
|         TDMS_encoder_red                               |    <0.001 |
|       image_driver_inst                                |    <0.001 |
|         lfsr_inst                                      |    <0.001 |
|   RAM_spi_debug                                        |    <0.001 |
+--------------------------------------------------------+-----------+


